WARNING: Using incubator modules: jdk.incubator.vector
Feb 04, 2026 11:43:49 AM org.apache.aries.spifly.BaseActivator log
INFO: Registered provider ch.qos.logback.classic.spi.LogbackServiceProvider of service org.slf4j.spi.SLF4JServiceProvider in bundle ch.qos.logback.classic
[Error - 11:44:24 AM] Feb 4, 2026, 11:44:21 AM JavaBuilder handling CoreException while building: demo
org.eclipse.core.runtime.CoreException: release 22 is not found in the system
	at org.eclipse.jdt.internal.core.builder.ClasspathJrtWithReleaseOption.<init>(ClasspathJrtWithReleaseOption.java:90)
	at org.eclipse.jdt.internal.core.builder.ClasspathLocation.forJrtSystem(ClasspathLocation.java:175)
	at org.eclipse.jdt.internal.core.builder.NameEnvironment.computeClasspathLocations(NameEnvironment.java:372)
	at org.eclipse.jdt.internal.core.builder.NameEnvironment.<init>(NameEnvironment.java:82)
	at org.eclipse.jdt.internal.core.builder.JavaBuilder.initializeBuilder(JavaBuilder.java:692)
	at org.eclipse.jdt.internal.core.builder.JavaBuilder.build(JavaBuilder.java:211)
	at org.eclipse.core.internal.events.BuildManager$2.run(BuildManager.java:1109)
	at org.eclipse.core.runtime.SafeRunner.run(SafeRunner.java:47)
	at org.eclipse.core.internal.events.BuildManager.basicBuild(BuildManager.java:299)
	at org.eclipse.core.internal.events.BuildManager.basicBuild(BuildManager.java:355)
	at org.eclipse.core.internal.events.BuildManager$1.run(BuildManager.java:449)
	at org.eclipse.core.runtime.SafeRunner.run(SafeRunner.java:47)
	at org.eclipse.core.internal.events.BuildManager.basicBuild(BuildManager.java:452)
	at org.eclipse.core.internal.events.BuildManager.basicBuildLoop(BuildManager.java:564)
	at org.eclipse.core.internal.events.BuildManager.basicBuildLoop(BuildManager.java:512)
	at org.eclipse.core.internal.events.BuildManager.build(BuildManager.java:594)
	at org.eclipse.core.internal.events.AutoBuildJob.doBuild(AutoBuildJob.java:208)
	at org.eclipse.core.internal.events.AutoBuildJob.run(AutoBuildJob.java:309)
	at org.eclipse.core.internal.jobs.Worker.run(Worker.java:63)
Caused by: java.lang.IllegalArgumentException: release 22 is not found in the system
	at org.eclipse.jdt.internal.core.builder.ClasspathJrtWithReleaseOption.<init>(ClasspathJrtWithReleaseOption.java:89)
	... 18 more

[Error - 11:44:25 AM] Feb 4, 2026, 11:44:25 AM JavaBuilder handling CoreException while building: demo
org.eclipse.core.runtime.CoreException: release 22 is not found in the system
	at org.eclipse.jdt.internal.core.builder.ClasspathJrtWithReleaseOption.<init>(ClasspathJrtWithReleaseOption.java:90)
	at org.eclipse.jdt.internal.core.builder.ClasspathLocation.forJrtSystem(ClasspathLocation.java:175)
	at org.eclipse.jdt.internal.core.builder.NameEnvironment.computeClasspathLocations(NameEnvironment.java:372)
	at org.eclipse.jdt.internal.core.builder.NameEnvironment.<init>(NameEnvironment.java:82)
	at org.eclipse.jdt.internal.core.builder.JavaBuilder.initializeBuilder(JavaBuilder.java:692)
	at org.eclipse.jdt.internal.core.builder.JavaBuilder.build(JavaBuilder.java:211)
	at org.eclipse.core.internal.events.BuildManager$2.run(BuildManager.java:1109)
	at org.eclipse.core.runtime.SafeRunner.run(SafeRunner.java:47)
	at org.eclipse.core.internal.events.BuildManager.basicBuild(BuildManager.java:299)
	at org.eclipse.core.internal.events.BuildManager.basicBuild(BuildManager.java:355)
	at org.eclipse.core.internal.events.BuildManager$1.run(BuildManager.java:449)
	at org.eclipse.core.runtime.SafeRunner.run(SafeRunner.java:47)
	at org.eclipse.core.internal.events.BuildManager.basicBuild(BuildManager.java:452)
	at org.eclipse.core.internal.events.BuildManager.basicBuildLoop(BuildManager.java:564)
	at org.eclipse.core.internal.events.BuildManager.basicBuildLoop(BuildManager.java:512)
	at org.eclipse.core.internal.events.BuildManager.build(BuildManager.java:594)
	at org.eclipse.core.internal.events.AutoBuildJob.doBuild(AutoBuildJob.java:208)
	at org.eclipse.core.internal.events.AutoBuildJob.run(AutoBuildJob.java:309)
	at org.eclipse.core.internal.jobs.Worker.run(Worker.java:63)
Caused by: java.lang.IllegalArgumentException: release 22 is not found in the system
	at org.eclipse.jdt.internal.core.builder.ClasspathJrtWithReleaseOption.<init>(ClasspathJrtWithReleaseOption.java:89)
	... 18 more

