Initializing document watcher...
Document watcher initialized
merin_ann97/demo/deployment.yaml: {"tabSize":2,"indentSize":2,"insertSpaces":true,"cursorStyle":1,"lineNumbers":1}
merin_ann97/demo/deployment.yaml: {"tabSize":2,"indentSize":2,"insertSpaces":true,"cursorStyle":1,"lineNumbers":1}
merin_ann97/demo/deployment.yaml: {"tabSize":2,"indentSize":2,"insertSpaces":true,"cursorStyle":1,"lineNumbers":1}
merin_ann97/demo/deployment.yaml: {"tabSize":2,"indentSize":2,"insertSpaces":true,"cursorStyle":1,"lineNumbers":1}
merin_ann97/demo/deployment.yaml: {"tabSize":2,"indentSize":2,"insertSpaces":true,"cursorStyle":1,"lineNumbers":1}
merin_ann97/demo/deployment.yaml: {"tabSize":2,"indentSize":2,"insertSpaces":true,"cursorStyle":1,"lineNumbers":1}
merin_ann97/demo/deployment.yaml: {"tabSize":2,"indentSize":2,"insertSpaces":true,"cursorStyle":1,"lineNumbers":1}
merin_ann97/demo/deployment.yaml: {"tabSize":2,"indentSize":2,"insertSpaces":true,"cursorStyle":1,"lineNumbers":1}
merin_ann97/demo/deployment.yaml: Using EditorConfig core...
merin_ann97/demo/deployment.yaml: {"tabSize":2,"indentSize":2,"insertSpaces":true,"cursorStyle":1,"lineNumbers":1}
merin_ann97/demo/deployment.yaml: Using EditorConfig core...
merin_ann97/demo/deployment.yaml: Using EditorConfig core...
merin_ann97/demo/deployment.yaml: {"tabSize":2,"indentSize":2,"insertSpaces":true,"cursorStyle":1,"lineNumbers":1}
merin_ann97/demo/deployment.yaml: {"tabSize":2,"indentSize":2,"insertSpaces":true,"cursorStyle":1,"lineNumbers":1}
merin_ann97/demo/deployment.yaml: {"tabSize":2,"indentSize":2,"insertSpaces":true,"cursorStyle":1,"lineNumbers":1}
merin_ann97/demo/cloudbuild.yaml: {"tabSize":2,"indentSize":2,"insertSpaces":true,"cursorStyle":1,"lineNumbers":1}
merin_ann97/demo/cloudbuild.yaml: {"tabSize":2,"indentSize":2,"insertSpaces":true,"cursorStyle":1,"lineNumbers":1}
merin_ann97/demo/cloudbuild.yaml: {"tabSize":2,"indentSize":2,"insertSpaces":true,"cursorStyle":1,"lineNumbers":1}
merin_ann97/demo/cloudbuild.yaml: Using EditorConfig core...
merin_ann97/demo/cloudbuild.yaml: {"tabSize":2,"indentSize":2,"insertSpaces":true,"cursorStyle":1,"lineNumbers":1}
merin_ann97/demo/cloudbuild.yaml: {"tabSize":2,"indentSize":2,"insertSpaces":true,"cursorStyle":1,"lineNumbers":1}
merin_ann97/demo/cloudbuild.yaml: Using EditorConfig core...
merin_ann97/demo/cloudbuild.yaml: {"tabSize":2,"indentSize":2,"insertSpaces":true,"cursorStyle":1,"lineNumbers":1}
merin_ann97/demo/cloudbuild.yaml: {"tabSize":2,"indentSize":2,"insertSpaces":true,"cursorStyle":1,"lineNumbers":1}
merin_ann97/demo/cloudbuild.yaml: {"tabSize":2,"indentSize":2,"insertSpaces":true,"cursorStyle":1,"lineNumbers":1}
merin_ann97/demo/cloudbuild.yaml: {"tabSize":2,"indentSize":2,"insertSpaces":true,"cursorStyle":1,"lineNumbers":1}
No more open editors.
No more open editors.
